# JRE version: OpenJDK Runtime Environment OpenLogic-OpenJDK (17.0.14+7) (build 17.0.14+7-adhoc..jdk17u)
# Java VM: OpenJDK 64-Bit Server VM OpenLogic-OpenJDK (17.0.14+7-adhoc..jdk17u, mixed mode, sharing, tiered, compressed oops, compressed class ptrs, g1 gc, windows-amd64)
GC Precious Log:
 CPUs: 8 total, 8 available
 Memory: 24359M
 Large Page Support: Disabled
 NUMA Support: Disabled
 Compressed Oops: Enabled (32-bit)
 Heap Region Size: 1M
 Heap Min Capacity: 8M
 Heap Initial Capacity: 382M
 Heap Max Capacity: 2G
 Pre-touch: Disabled
 Parallel Workers: 8
 Concurrent Workers: 2
 Concurrent Refinement Workers: 8
 Periodic GC: Disabled
Heap:
 garbage-first heap   total 164864K, used 97915K [0x0000000080000000, 0x0000000100000000)
  region size 1024K, 3 young (3072K), 3 survivors (3072K)
 Metaspace       used 76819K, committed 77824K, reserved 557056K
  class space    used 10787K, committed 11264K, reserved 425984K
GC Heap History (20 events):
Event: 20.265 GC heap after
{Heap after GC invocations=34 (full 0):
 garbage-first heap   total 164864K, used 64814K [0x0000000080000000, 0x0000000100000000)
  region size 1024K, 2 young (2048K), 2 survivors (2048K)
 Metaspace       used 66440K, committed 67200K, reserved 491520K
  class space    used 9345K, committed 9728K, reserved 425984K
}
Event: 21.211 GC heap before
{Heap before GC invocations=35 (full 0):
 garbage-first heap   total 164864K, used 125230K [0x0000000080000000, 0x0000000100000000)
  region size 1024K, 61 young (62464K), 2 survivors (2048K)
 Metaspace       used 68370K, committed 69248K, reserved 491520K
  class space    used 9619K, committed 10048K, reserved 425984K
}
Event: 21.215 GC heap after
{Heap after GC invocations=36 (full 0):
 garbage-first heap   total 164864K, used 69988K [0x0000000080000000, 0x0000000100000000)
  region size 1024K, 7 young (7168K), 7 survivors (7168K)
 Metaspace       used 68370K, committed 69248K, reserved 491520K
  class space    used 9619K, committed 10048K, reserved 425984K
}
Event: 21.222 GC heap before
{Heap before GC invocations=36 (full 0):
 garbage-first heap   total 164864K, used 69988K [0x0000000080000000, 0x0000000100000000)
  region size 1024K, 8 young (8192K), 7 survivors (7168K)
 Metaspace       used 68371K, committed 69248K, reserved 491520K
  class space    used 9619K, committed 10048K, reserved 425984K
}
Event: 21.225 GC heap after
{Heap after GC invocations=37 (full 0):
 garbage-first heap   total 164864K, used 69374K [0x0000000080000000, 0x0000000100000000)
  region size 1024K, 1 young (1024K), 1 survivors (1024K)
 Metaspace       used 68371K, committed 69248K, reserved 491520K
  class space    used 9619K, committed 10048K, reserved 425984K
}
Event: 25.877 GC heap before
{Heap before GC invocations=37 (full 0):
 garbage-first heap   total 164864K, used 127742K [0x0000000080000000, 0x0000000100000000)
  region size 1024K, 58 young (59392K), 1 survivors (1024K)
 Metaspace       used 71694K, committed 72640K, reserved 491520K
  class space    used 10076K, committed 10560K, reserved 425984K
}
Event: 25.881 GC heap after
{Heap after GC invocations=38 (full 0):
 garbage-first heap   total 164864K, used 71726K [0x0000000080000000, 0x0000000100000000)
  region size 1024K, 4 young (4096K), 4 survivors (4096K)
 Metaspace       used 71694K, committed 72640K, reserved 491520K
  class space    used 10076K, committed 10560K, reserved 425984K
}
Event: 27.783 GC heap before
{Heap before GC invocations=38 (full 0):
 garbage-first heap   total 164864K, used 129070K [0x0000000080000000, 0x0000000100000000)
  region size 1024K, 60 young (61440K), 4 survivors (4096K)
 Metaspace       used 74895K, committed 75840K, reserved 491520K
  class space    used 10612K, committed 11072K, reserved 425984K
}
Event: 27.792 GC heap after
{Heap after GC invocations=39 (full 0):
 garbage-first heap   total 164864K, used 80833K [0x0000000080000000, 0x0000000100000000)
  region size 1024K, 8 young (8192K), 8 survivors (8192K)
 Metaspace       used 74895K, committed 75840K, reserved 491520K
  class space    used 10612K, committed 11072K, reserved 425984K
}
Event: 28.670 GC heap before
{Heap before GC invocations=39 (full 0):
 garbage-first heap   total 164864K, used 127937K [0x0000000080000000, 0x0000000100000000)
  region size 1024K, 55 young (56320K), 8 survivors (8192K)
 Metaspace       used 76385K, committed 77376K, reserved 557056K
  class space    used 10782K, committed 11264K, reserved 425984K
}
Event: 28.678 GC heap after
{Heap after GC invocations=40 (full 0):
 garbage-first heap   total 164864K, used 88730K [0x0000000080000000, 0x0000000100000000)
  region size 1024K, 7 young (7168K), 7 survivors (7168K)
 Metaspace       used 76385K, committed 77376K, reserved 557056K
  class space    used 10782K, committed 11264K, reserved 425984K
}
Event: 29.380 GC heap before
{Heap before GC invocations=40 (full 0):
 garbage-first heap   total 164864K, used 128666K [0x0000000080000000, 0x0000000100000000)
  region size 1024K, 47 young (48128K), 7 survivors (7168K)
 Metaspace       used 76748K, committed 77760K, reserved 557056K
  class space    used 10787K, committed 11264K, reserved 425984K
}
Event: 29.387 GC heap after
{Heap after GC invocations=41 (full 0):
 garbage-first heap   total 164864K, used 94386K [0x0000000080000000, 0x0000000100000000)
  region size 1024K, 6 young (6144K), 6 survivors (6144K)
 Metaspace       used 76748K, committed 77760K, reserved 557056K
  class space    used 10787K, committed 11264K, reserved 425984K
}
Event: 29.590 GC heap before
{Heap before GC invocations=41 (full 0):
 garbage-first heap   total 164864K, used 129202K [0x0000000080000000, 0x0000000100000000)
  region size 1024K, 41 young (41984K), 6 survivors (6144K)
 Metaspace       used 76804K, committed 77824K, reserved 557056K
  class space    used 10787K, committed 11264K, reserved 425984K
}
Event: 29.594 GC heap after
{Heap after GC invocations=42 (full 0):
 garbage-first heap   total 164864K, used 95977K [0x0000000080000000, 0x0000000100000000)
  region size 1024K, 4 young (4096K), 4 survivors (4096K)
 Metaspace       used 76804K, committed 77824K, reserved 557056K
  class space    used 10787K, committed 11264K, reserved 425984K
}
Event: 29.746 GC heap before
{Heap before GC invocations=42 (full 0):
 garbage-first heap   total 164864K, used 130793K [0x0000000080000000, 0x0000000100000000)
  region size 1024K, 39 young (39936K), 4 survivors (4096K)
 Metaspace       used 76815K, committed 77824K, reserved 557056K
  class space    used 10787K, committed 11264K, reserved 425984K
}
Event: 29.749 GC heap after
{Heap after GC invocations=43 (full 0):
 garbage-first heap   total 164864K, used 96470K [0x0000000080000000, 0x0000000100000000)
  region size 1024K, 3 young (3072K), 3 survivors (3072K)
 Metaspace       used 76815K, committed 77824K, reserved 557056K
  class space    used 10787K, committed 11264K, reserved 425984K
}
Event: 29.885 GC heap before
{Heap before GC invocations=43 (full 0):
 garbage-first heap   total 164864K, used 133334K [0x0000000080000000, 0x0000000100000000)
  region size 1024K, 39 young (39936K), 3 survivors (3072K)
 Metaspace       used 76818K, committed 77824K, reserved 557056K
  class space    used 10787K, committed 11264K, reserved 425984K
}
Event: 29.887 GC heap after
{Heap after GC invocations=44 (full 0):
 garbage-first heap   total 164864K, used 97418K [0x0000000080000000, 0x0000000100000000)
  region size 1024K, 3 young (3072K), 3 survivors (3072K)
 Metaspace       used 76818K, committed 77824K, reserved 557056K
  class space    used 10787K, committed 11264K, reserved 425984K
}
Event: 29.996 GC heap before
{Heap before GC invocations=44 (full 0):
 garbage-first heap   total 164864K, used 134282K [0x0000000080000000, 0x0000000100000000)
  region size 1024K, 39 young (39936K), 3 survivors (3072K)
 Metaspace       used 76819K, committed 77824K, reserved 557056K
  class space    used 10787K, committed 11264K, reserved 425984K
}

