# JRE version: OpenJDK Runtime Environment OpenLogic-OpenJDK (17.0.14+7) (build 17.0.14+7-adhoc..jdk17u)
# Java VM: OpenJDK 64-Bit Server VM OpenLogic-OpenJDK (17.0.14+7-adhoc..jdk17u, mixed mode, sharing, tiered, compressed oops, compressed class ptrs, g1 gc, windows-amd64)
GC Precious Log:
 CPUs: 8 total, 8 available
 Memory: 24359M
 Large Page Support: Disabled
 NUMA Support: Disabled
 Compressed Oops: Enabled (32-bit)
 Heap Region Size: 1M
 Heap Min Capacity: 8M
 Heap Initial Capacity: 382M
 Heap Max Capacity: 2G
 Pre-touch: Disabled
 Parallel Workers: 8
 Concurrent Workers: 2
 Concurrent Refinement Workers: 8
 Periodic GC: Disabled
Heap:
 garbage-first heap   total 391168K, used 289992K [0x0000000080000000, 0x0000000100000000)
  region size 1024K, 6 young (6144K), 6 survivors (6144K)
 Metaspace       used 120710K, committed 122240K, reserved 557056K
  class space    used 16531K, committed 17280K, reserved 425984K
GC Heap History (20 events):
Event: 47.415 GC heap after
{Heap after GC invocations=100 (full 0):
 garbage-first heap   total 371712K, used 264201K [0x0000000080000000, 0x0000000100000000)
  region size 1024K, 4 young (4096K), 4 survivors (4096K)
 Metaspace       used 120085K, committed 121600K, reserved 557056K
  class space    used 16453K, committed 17152K, reserved 425984K
}
Event: 47.613 GC heap before
{Heap before GC invocations=100 (full 0):
 garbage-first heap   total 371712K, used 313353K [0x0000000080000000, 0x0000000100000000)
  region size 1024K, 53 young (54272K), 4 survivors (4096K)
 Metaspace       used 120109K, committed 121600K, reserved 557056K
  class space    used 16455K, committed 17152K, reserved 425984K
}
Event: 47.617 GC heap after
{Heap after GC invocations=101 (full 0):
 garbage-first heap   total 371712K, used 266415K [0x0000000080000000, 0x0000000100000000)
  region size 1024K, 6 young (6144K), 6 survivors (6144K)
 Metaspace       used 120109K, committed 121600K, reserved 557056K
  class space    used 16455K, committed 17152K, reserved 425984K
}
Event: 47.876 GC heap before
{Heap before GC invocations=101 (full 0):
 garbage-first heap   total 371712K, used 315567K [0x0000000080000000, 0x0000000100000000)
  region size 1024K, 54 young (55296K), 6 survivors (6144K)
 Metaspace       used 120333K, committed 121792K, reserved 557056K
  class space    used 16482K, committed 17152K, reserved 425984K
}
Event: 47.883 GC heap after
{Heap after GC invocations=102 (full 0):
 garbage-first heap   total 371712K, used 271288K [0x0000000080000000, 0x0000000100000000)
  region size 1024K, 7 young (7168K), 7 survivors (7168K)
 Metaspace       used 120333K, committed 121792K, reserved 557056K
  class space    used 16482K, committed 17152K, reserved 425984K
}
Event: 48.005 GC heap before
{Heap before GC invocations=102 (full 0):
 garbage-first heap   total 371712K, used 315320K [0x0000000080000000, 0x0000000100000000)
  region size 1024K, 51 young (52224K), 7 survivors (7168K)
 Metaspace       used 120333K, committed 121792K, reserved 557056K
  class space    used 16482K, committed 17152K, reserved 425984K
}
Event: 48.009 GC heap after
{Heap after GC invocations=103 (full 0):
 garbage-first heap   total 371712K, used 272109K [0x0000000080000000, 0x0000000100000000)
  region size 1024K, 4 young (4096K), 4 survivors (4096K)
 Metaspace       used 120333K, committed 121792K, reserved 557056K
  class space    used 16482K, committed 17152K, reserved 425984K
}
Event: 48.231 GC heap before
{Heap before GC invocations=103 (full 0):
 garbage-first heap   total 371712K, used 317165K [0x0000000080000000, 0x0000000100000000)
  region size 1024K, 48 young (49152K), 4 survivors (4096K)
 Metaspace       used 120556K, committed 122048K, reserved 557056K
  class space    used 16515K, committed 17216K, reserved 425984K
}
Event: 48.234 GC heap after
{Heap after GC invocations=104 (full 0):
 garbage-first heap   total 371712K, used 274838K [0x0000000080000000, 0x0000000100000000)
  region size 1024K, 6 young (6144K), 6 survivors (6144K)
 Metaspace       used 120556K, committed 122048K, reserved 557056K
  class space    used 16515K, committed 17216K, reserved 425984K
}
Event: 49.914 GC heap before
{Heap before GC invocations=104 (full 0):
 garbage-first heap   total 371712K, used 317846K [0x0000000080000000, 0x0000000100000000)
  region size 1024K, 48 young (49152K), 6 survivors (6144K)
 Metaspace       used 120636K, committed 122112K, reserved 557056K
  class space    used 16521K, committed 17216K, reserved 425984K
}
Event: 49.917 GC heap after
{Heap after GC invocations=105 (full 0):
 garbage-first heap   total 371712K, used 275291K [0x0000000080000000, 0x0000000100000000)
  region size 1024K, 4 young (4096K), 4 survivors (4096K)
 Metaspace       used 120636K, committed 122112K, reserved 557056K
  class space    used 16521K, committed 17216K, reserved 425984K
}
Event: 50.098 GC heap before
{Heap before GC invocations=105 (full 0):
 garbage-first heap   total 371712K, used 317275K [0x0000000080000000, 0x0000000100000000)
  region size 1024K, 46 young (47104K), 4 survivors (4096K)
 Metaspace       used 120643K, committed 122176K, reserved 557056K
  class space    used 16522K, committed 17216K, reserved 425984K
}
Event: 50.102 GC heap after
{Heap after GC invocations=106 (full 0):
 garbage-first heap   total 371712K, used 279987K [0x0000000080000000, 0x0000000100000000)
  region size 1024K, 6 young (6144K), 6 survivors (6144K)
 Metaspace       used 120643K, committed 122176K, reserved 557056K
  class space    used 16522K, committed 17216K, reserved 425984K
}
Event: 50.263 GC heap before
{Heap before GC invocations=106 (full 0):
 garbage-first heap   total 371712K, used 318899K [0x0000000080000000, 0x0000000100000000)
  region size 1024K, 45 young (46080K), 6 survivors (6144K)
 Metaspace       used 120643K, committed 122176K, reserved 557056K
  class space    used 16522K, committed 17216K, reserved 425984K
}
Event: 50.267 GC heap after
{Heap after GC invocations=107 (full 0):
 garbage-first heap   total 371712K, used 283136K [0x0000000080000000, 0x0000000100000000)
  region size 1024K, 4 young (4096K), 4 survivors (4096K)
 Metaspace       used 120643K, committed 122176K, reserved 557056K
  class space    used 16522K, committed 17216K, reserved 425984K
}
Event: 50.361 GC heap before
{Heap before GC invocations=107 (full 0):
 garbage-first heap   total 371712K, used 320000K [0x0000000080000000, 0x0000000100000000)
  region size 1024K, 41 young (41984K), 4 survivors (4096K)
 Metaspace       used 120643K, committed 122176K, reserved 557056K
  class space    used 16522K, committed 17216K, reserved 425984K
}
Event: 50.364 GC heap after
{Heap after GC invocations=108 (full 0):
 garbage-first heap   total 371712K, used 283483K [0x0000000080000000, 0x0000000100000000)
  region size 1024K, 4 young (4096K), 4 survivors (4096K)
 Metaspace       used 120643K, committed 122176K, reserved 557056K
  class space    used 16522K, committed 17216K, reserved 425984K
}
Event: 50.435 GC heap before
{Heap before GC invocations=108 (full 0):
 garbage-first heap   total 371712K, used 320347K [0x0000000080000000, 0x0000000100000000)
  region size 1024K, 41 young (41984K), 4 survivors (4096K)
 Metaspace       used 120643K, committed 122176K, reserved 557056K
  class space    used 16522K, committed 17216K, reserved 425984K
}
Event: 50.437 GC heap after
{Heap after GC invocations=109 (full 0):
 garbage-first heap   total 371712K, used 284136K [0x0000000080000000, 0x0000000100000000)
  region size 1024K, 4 young (4096K), 4 survivors (4096K)
 Metaspace       used 120643K, committed 122176K, reserved 557056K
  class space    used 16522K, committed 17216K, reserved 425984K
}
Event: 50.605 GC heap before
{Heap before GC invocations=109 (full 0):
 garbage-first heap   total 371712K, used 323048K [0x0000000080000000, 0x0000000100000000)
  region size 1024K, 41 young (41984K), 4 survivors (4096K)
 Metaspace       used 120710K, committed 122240K, reserved 557056K
  class space    used 16531K, committed 17280K, reserved 425984K
}

