# JRE version: OpenJDK Runtime Environment OpenLogic-OpenJDK (17.0.14+7) (build 17.0.14+7-adhoc..jdk17u)
# Java VM: OpenJDK 64-Bit Server VM OpenLogic-OpenJDK (17.0.14+7-adhoc..jdk17u, mixed mode, sharing, tiered, compressed oops, compressed class ptrs, g1 gc, windows-amd64)
GC Precious Log:
 CPUs: 8 total, 8 available
 Memory: 24359M
 Large Page Support: Disabled
 NUMA Support: Disabled
 Compressed Oops: Enabled (32-bit)
 Heap Region Size: 1M
 Heap Min Capacity: 8M
 Heap Initial Capacity: 382M
 Heap Max Capacity: 2G
 Pre-touch: Disabled
 Parallel Workers: 8
 Concurrent Workers: 2
 Concurrent Refinement Workers: 8
 Periodic GC: Disabled
Heap:
 garbage-first heap   total 241664K, used 135856K [0x0000000080000000, 0x0000000100000000)
  region size 1024K, 16 young (16384K), 1 survivors (1024K)
 Metaspace       used 97475K, committed 98688K, reserved 557056K
  class space    used 13257K, committed 13824K, reserved 425984K
GC Heap History (20 events):
Event: 18.370 GC heap before
{Heap before GC invocations=26 (full 0):
 garbage-first heap   total 241664K, used 188452K [0x0000000080000000, 0x0000000100000000)
  region size 1024K, 124 young (126976K), 3 survivors (3072K)
 Metaspace       used 66150K, committed 66880K, reserved 491520K
  class space    used 9298K, committed 9664K, reserved 425984K
}
Event: 18.375 GC heap after
{Heap after GC invocations=27 (full 0):
 garbage-first heap   total 241664K, used 68721K [0x0000000080000000, 0x0000000100000000)
  region size 1024K, 7 young (7168K), 7 survivors (7168K)
 Metaspace       used 66150K, committed 66880K, reserved 491520K
  class space    used 9298K, committed 9664K, reserved 425984K
}
Event: 19.901 GC heap before
{Heap before GC invocations=27 (full 0):
 garbage-first heap   total 241664K, used 186481K [0x0000000080000000, 0x0000000100000000)
  region size 1024K, 122 young (124928K), 7 survivors (7168K)
 Metaspace       used 70946K, committed 71872K, reserved 491520K
  class space    used 9986K, committed 10432K, reserved 425984K
}
Event: 19.908 GC heap after
{Heap after GC invocations=28 (full 0):
 garbage-first heap   total 241664K, used 73980K [0x0000000080000000, 0x0000000100000000)
  region size 1024K, 12 young (12288K), 12 survivors (12288K)
 Metaspace       used 70946K, committed 71872K, reserved 491520K
  class space    used 9986K, committed 10432K, reserved 425984K
}
Event: 22.213 GC heap before
{Heap before GC invocations=28 (full 0):
 garbage-first heap   total 241664K, used 190716K [0x0000000080000000, 0x0000000100000000)
  region size 1024K, 125 young (128000K), 12 survivors (12288K)
 Metaspace       used 80064K, committed 81024K, reserved 557056K
  class space    used 11139K, committed 11584K, reserved 425984K
}
Event: 22.225 GC heap after
{Heap after GC invocations=29 (full 0):
 garbage-first heap   total 241664K, used 86225K [0x0000000080000000, 0x0000000100000000)
  region size 1024K, 16 young (16384K), 16 survivors (16384K)
 Metaspace       used 80064K, committed 81024K, reserved 557056K
  class space    used 11139K, committed 11584K, reserved 425984K
}
Event: 23.610 GC heap before
{Heap before GC invocations=29 (full 0):
 garbage-first heap   total 241664K, used 187601K [0x0000000080000000, 0x0000000100000000)
  region size 1024K, 116 young (118784K), 16 survivors (16384K)
 Metaspace       used 81595K, committed 82624K, reserved 557056K
  class space    used 11264K, committed 11712K, reserved 425984K
}
Event: 23.622 GC heap after
{Heap after GC invocations=30 (full 0):
 garbage-first heap   total 241664K, used 94800K [0x0000000080000000, 0x0000000100000000)
  region size 1024K, 11 young (11264K), 11 survivors (11264K)
 Metaspace       used 81595K, committed 82624K, reserved 557056K
  class space    used 11264K, committed 11712K, reserved 425984K
}
Event: 24.279 GC heap before
{Heap before GC invocations=30 (full 0):
 garbage-first heap   total 241664K, used 187984K [0x0000000080000000, 0x0000000100000000)
  region size 1024K, 103 young (105472K), 11 survivors (11264K)
 Metaspace       used 81606K, committed 82624K, reserved 557056K
  class space    used 11264K, committed 11712K, reserved 425984K
}
Event: 24.284 GC heap after
{Heap after GC invocations=31 (full 0):
 garbage-first heap   total 241664K, used 97439K [0x0000000080000000, 0x0000000100000000)
  region size 1024K, 5 young (5120K), 5 survivors (5120K)
 Metaspace       used 81606K, committed 82624K, reserved 557056K
  class space    used 11264K, committed 11712K, reserved 425984K
}
Event: 25.421 GC heap before
{Heap before GC invocations=31 (full 0):
 garbage-first heap   total 241664K, used 199839K [0x0000000080000000, 0x0000000100000000)
  region size 1024K, 98 young (100352K), 5 survivors (5120K)
 Metaspace       used 86160K, committed 87296K, reserved 557056K
  class space    used 11763K, committed 12288K, reserved 425984K
}
Event: 25.425 GC heap after
{Heap after GC invocations=32 (full 0):
 garbage-first heap   total 241664K, used 110491K [0x0000000080000000, 0x0000000100000000)
  region size 1024K, 12 young (12288K), 12 survivors (12288K)
 Metaspace       used 86160K, committed 87296K, reserved 557056K
  class space    used 11763K, committed 12288K, reserved 425984K
}
Event: 26.618 GC heap before
{Heap before GC invocations=32 (full 0):
 garbage-first heap   total 241664K, used 197531K [0x0000000080000000, 0x0000000100000000)
  region size 1024K, 92 young (94208K), 12 survivors (12288K)
 Metaspace       used 90979K, committed 92096K, reserved 557056K
  class space    used 12356K, committed 12864K, reserved 425984K
}
Event: 26.624 GC heap after
{Heap after GC invocations=33 (full 0):
 garbage-first heap   total 241664K, used 118017K [0x0000000080000000, 0x0000000100000000)
  region size 1024K, 7 young (7168K), 7 survivors (7168K)
 Metaspace       used 90979K, committed 92096K, reserved 557056K
  class space    used 12356K, committed 12864K, reserved 425984K
}
Event: 26.941 GC heap before
{Heap before GC invocations=33 (full 0):
 garbage-first heap   total 241664K, used 140545K [0x0000000080000000, 0x0000000100000000)
  region size 1024K, 31 young (31744K), 7 survivors (7168K)
 Metaspace       used 92993K, committed 94144K, reserved 557056K
  class space    used 12586K, committed 13120K, reserved 425984K
}
Event: 26.945 GC heap after
{Heap after GC invocations=34 (full 0):
 garbage-first heap   total 241664K, used 119040K [0x0000000080000000, 0x0000000100000000)
  region size 1024K, 2 young (2048K), 2 survivors (2048K)
 Metaspace       used 92993K, committed 94144K, reserved 557056K
  class space    used 12586K, committed 13120K, reserved 425984K
}
Event: 28.035 GC heap before
{Heap before GC invocations=35 (full 0):
 garbage-first heap   total 241664K, used 198912K [0x0000000080000000, 0x0000000100000000)
  region size 1024K, 78 young (79872K), 2 survivors (2048K)
 Metaspace       used 97383K, committed 98496K, reserved 557056K
  class space    used 13251K, committed 13760K, reserved 425984K
}
Event: 28.040 GC heap after
{Heap after GC invocations=36 (full 0):
 garbage-first heap   total 241664K, used 123744K [0x0000000080000000, 0x0000000100000000)
  region size 1024K, 5 young (5120K), 5 survivors (5120K)
 Metaspace       used 97383K, committed 98496K, reserved 557056K
  class space    used 13251K, committed 13760K, reserved 425984K
}
Event: 28.117 GC heap before
{Heap before GC invocations=36 (full 0):
 garbage-first heap   total 241664K, used 129888K [0x0000000080000000, 0x0000000100000000)
  region size 1024K, 11 young (11264K), 5 survivors (5120K)
 Metaspace       used 97423K, committed 98496K, reserved 557056K
  class space    used 13253K, committed 13760K, reserved 425984K
}
Event: 28.121 GC heap after
{Heap after GC invocations=37 (full 0):
 garbage-first heap   total 241664K, used 121520K [0x0000000080000000, 0x0000000100000000)
  region size 1024K, 1 young (1024K), 1 survivors (1024K)
 Metaspace       used 97423K, committed 98496K, reserved 557056K
  class space    used 13253K, committed 13760K, reserved 425984K
}

