# JRE version: OpenJDK Runtime Environment Temurin-21.0.7+6 (21.0.7+6) (build 21.0.7+6-LTS)
# Java VM: OpenJDK 64-Bit Server VM Temurin-21.0.7+6 (21.0.7+6-LTS, mixed mode, sharing, tiered, compressed oops, compressed class ptrs, parallel gc, windows-amd64)
GC Precious Log:
 CardTable entry size: 512
 CPUs: 8 total, 8 available
 Memory: 24359M
 Large Page Support: Disabled
 NUMA Support: Disabled
 Compressed Oops: Enabled (32-bit)
 Alignments: Space 512K, Generation 512K, Heap 2M
 Heap Min Capacity: 100M
 Heap Initial Capacity: 100M
 Heap Max Capacity: 2G
 Pre-touch: Disabled
 Parallel Workers: 8
Heap:
 PSYoungGen      total 5120K, used 4087K [0x00000000d5580000, 0x00000000d5b80000, 0x0000000100000000)
  eden space 4096K, 86% used [0x00000000d5580000,0x00000000d58f5dc0,0x00000000d5980000)
  from space 1024K, 53% used [0x00000000d5a80000,0x00000000d5b08000,0x00000000d5b80000)
  to   space 1024K, 0% used [0x00000000d5980000,0x00000000d5980000,0x00000000d5a80000)
 ParOldGen       total 527872K, used 516245K [0x0000000080000000, 0x00000000a0380000, 0x00000000d5580000)
  object space 527872K, 97% used [0x0000000080000000,0x000000009f825598,0x00000000a0380000)
 Metaspace       used 66408K, committed 67904K, reserved 1114112K
  class space    used 7379K, committed 8064K, reserved 1048576K
GC Heap History (20 events):
Event: 61.261 GC heap before
{Heap before GC invocations=3521 (full 12):
 PSYoungGen      total 5120K, used 4608K [0x00000000d5580000, 0x00000000d5b80000, 0x0000000100000000)
  eden space 4096K, 100% used [0x00000000d5580000,0x00000000d5980000,0x00000000d5980000)
  from space 1024K, 50% used [0x00000000d5a80000,0x00000000d5b00000,0x00000000d5b80000)
  to   space 1024K, 0% used [0x00000000d5980000,0x00000000d5980000,0x00000000d5a80000)
 ParOldGen       total 527872K, used 511648K [0x0000000080000000, 0x00000000a0380000, 0x00000000d5580000)
  object space 527872K, 96% used [0x0000000080000000,0x000000009f3a8168,0x00000000a0380000)
 Metaspace       used 66354K, committed 67840K, reserved 1114112K
  class space    used 7368K, committed 8064K, reserved 1048576K
}
Event: 61.262 GC heap after
{Heap after GC invocations=3521 (full 12):
 PSYoungGen      total 5120K, used 640K [0x00000000d5580000, 0x00000000d5b80000, 0x0000000100000000)
  eden space 4096K, 0% used [0x00000000d5580000,0x00000000d5580000,0x00000000d5980000)
  from space 1024K, 62% used [0x00000000d5980000,0x00000000d5a20000,0x00000000d5a80000)
  to   space 1024K, 0% used [0x00000000d5a80000,0x00000000d5a80000,0x00000000d5b80000)
 ParOldGen       total 527872K, used 512069K [0x0000000080000000, 0x00000000a0380000, 0x00000000d5580000)
  object space 527872K, 97% used [0x0000000080000000,0x000000009f411778,0x00000000a0380000)
 Metaspace       used 66354K, committed 67840K, reserved 1114112K
  class space    used 7368K, committed 8064K, reserved 1048576K
}
Event: 61.268 GC heap before
{Heap before GC invocations=3522 (full 12):
 PSYoungGen      total 5120K, used 4703K [0x00000000d5580000, 0x00000000d5b80000, 0x0000000100000000)
  eden space 4096K, 99% used [0x00000000d5580000,0x00000000d5977f78,0x00000000d5980000)
  from space 1024K, 62% used [0x00000000d5980000,0x00000000d5a20000,0x00000000d5a80000)
  to   space 1024K, 0% used [0x00000000d5a80000,0x00000000d5a80000,0x00000000d5b80000)
 ParOldGen       total 527872K, used 512069K [0x0000000080000000, 0x00000000a0380000, 0x00000000d5580000)
  object space 527872K, 97% used [0x0000000080000000,0x000000009f411778,0x00000000a0380000)
 Metaspace       used 66354K, committed 67840K, reserved 1114112K
  class space    used 7368K, committed 8064K, reserved 1048576K
}
Event: 61.269 GC heap after
{Heap after GC invocations=3522 (full 12):
 PSYoungGen      total 5120K, used 606K [0x00000000d5580000, 0x00000000d5b80000, 0x0000000100000000)
  eden space 4096K, 0% used [0x00000000d5580000,0x00000000d5580000,0x00000000d5980000)
  from space 1024K, 59% used [0x00000000d5a80000,0x00000000d5b178b0,0x00000000d5b80000)
  to   space 1024K, 0% used [0x00000000d5980000,0x00000000d5980000,0x00000000d5a80000)
 ParOldGen       total 527872K, used 512533K [0x0000000080000000, 0x00000000a0380000, 0x00000000d5580000)
  object space 527872K, 97% used [0x0000000080000000,0x000000009f485778,0x00000000a0380000)
 Metaspace       used 66354K, committed 67840K, reserved 1114112K
  class space    used 7368K, committed 8064K, reserved 1048576K
}
Event: 61.275 GC heap before
{Heap before GC invocations=3523 (full 12):
 PSYoungGen      total 5120K, used 4702K [0x00000000d5580000, 0x00000000d5b80000, 0x0000000100000000)
  eden space 4096K, 100% used [0x00000000d5580000,0x00000000d5980000,0x00000000d5980000)
  from space 1024K, 59% used [0x00000000d5a80000,0x00000000d5b178b0,0x00000000d5b80000)
  to   space 1024K, 0% used [0x00000000d5980000,0x00000000d5980000,0x00000000d5a80000)
 ParOldGen       total 527872K, used 512533K [0x0000000080000000, 0x00000000a0380000, 0x00000000d5580000)
  object space 527872K, 97% used [0x0000000080000000,0x000000009f485778,0x00000000a0380000)
 Metaspace       used 66354K, committed 67840K, reserved 1114112K
  class space    used 7368K, committed 8064K, reserved 1048576K
}
Event: 61.276 GC heap after
{Heap after GC invocations=3523 (full 12):
 PSYoungGen      total 5120K, used 760K [0x00000000d5580000, 0x00000000d5b80000, 0x0000000100000000)
  eden space 4096K, 0% used [0x00000000d5580000,0x00000000d5580000,0x00000000d5980000)
  from space 1024K, 74% used [0x00000000d5980000,0x00000000d5a3e008,0x00000000d5a80000)
  to   space 1024K, 0% used [0x00000000d5a80000,0x00000000d5a80000,0x00000000d5b80000)
 ParOldGen       total 527872K, used 513021K [0x0000000080000000, 0x00000000a0380000, 0x00000000d5580000)
  object space 527872K, 97% used [0x0000000080000000,0x000000009f4ff778,0x00000000a0380000)
 Metaspace       used 66354K, committed 67840K, reserved 1114112K
  class space    used 7368K, committed 8064K, reserved 1048576K
}
Event: 61.282 GC heap before
{Heap before GC invocations=3524 (full 12):
 PSYoungGen      total 5120K, used 4856K [0x00000000d5580000, 0x00000000d5b80000, 0x0000000100000000)
  eden space 4096K, 100% used [0x00000000d5580000,0x00000000d5980000,0x00000000d5980000)
  from space 1024K, 74% used [0x00000000d5980000,0x00000000d5a3e008,0x00000000d5a80000)
  to   space 1024K, 0% used [0x00000000d5a80000,0x00000000d5a80000,0x00000000d5b80000)
 ParOldGen       total 527872K, used 513021K [0x0000000080000000, 0x00000000a0380000, 0x00000000d5580000)
  object space 527872K, 97% used [0x0000000080000000,0x000000009f4ff778,0x00000000a0380000)
 Metaspace       used 66354K, committed 67840K, reserved 1114112K
  class space    used 7368K, committed 8064K, reserved 1048576K
}
Event: 61.283 GC heap after
{Heap after GC invocations=3524 (full 12):
 PSYoungGen      total 5120K, used 416K [0x00000000d5580000, 0x00000000d5b80000, 0x0000000100000000)
  eden space 4096K, 0% used [0x00000000d5580000,0x00000000d5580000,0x00000000d5980000)
  from space 1024K, 40% used [0x00000000d5a80000,0x00000000d5ae8000,0x00000000d5b80000)
  to   space 1024K, 0% used [0x00000000d5980000,0x00000000d5980000,0x00000000d5a80000)
 ParOldGen       total 527872K, used 513709K [0x0000000080000000, 0x00000000a0380000, 0x00000000d5580000)
  object space 527872K, 97% used [0x0000000080000000,0x000000009f5ab780,0x00000000a0380000)
 Metaspace       used 66354K, committed 67840K, reserved 1114112K
  class space    used 7368K, committed 8064K, reserved 1048576K
}
Event: 61.288 GC heap before
{Heap before GC invocations=3525 (full 12):
 PSYoungGen      total 5120K, used 4512K [0x00000000d5580000, 0x00000000d5b80000, 0x0000000100000000)
  eden space 4096K, 100% used [0x00000000d5580000,0x00000000d5980000,0x00000000d5980000)
  from space 1024K, 40% used [0x00000000d5a80000,0x00000000d5ae8000,0x00000000d5b80000)
  to   space 1024K, 0% used [0x00000000d5980000,0x00000000d5980000,0x00000000d5a80000)
 ParOldGen       total 527872K, used 513709K [0x0000000080000000, 0x00000000a0380000, 0x00000000d5580000)
  object space 527872K, 97% used [0x0000000080000000,0x000000009f5ab780,0x00000000a0380000)
 Metaspace       used 66354K, committed 67840K, reserved 1114112K
  class space    used 7368K, committed 8064K, reserved 1048576K
}
Event: 61.289 GC heap after
{Heap after GC invocations=3525 (full 12):
 PSYoungGen      total 5120K, used 664K [0x00000000d5580000, 0x00000000d5b80000, 0x0000000100000000)
  eden space 4096K, 0% used [0x00000000d5580000,0x00000000d5580000,0x00000000d5980000)
  from space 1024K, 64% used [0x00000000d5980000,0x00000000d5a26268,0x00000000d5a80000)
  to   space 1024K, 0% used [0x00000000d5a80000,0x00000000d5a80000,0x00000000d5b80000)
 ParOldGen       total 527872K, used 514061K [0x0000000080000000, 0x00000000a0380000, 0x00000000d5580000)
  object space 527872K, 97% used [0x0000000080000000,0x000000009f603780,0x00000000a0380000)
 Metaspace       used 66354K, committed 67840K, reserved 1114112K
  class space    used 7368K, committed 8064K, reserved 1048576K
}
Event: 61.294 GC heap before
{Heap before GC invocations=3526 (full 12):
 PSYoungGen      total 5120K, used 4760K [0x00000000d5580000, 0x00000000d5b80000, 0x0000000100000000)
  eden space 4096K, 100% used [0x00000000d5580000,0x00000000d5980000,0x00000000d5980000)
  from space 1024K, 64% used [0x00000000d5980000,0x00000000d5a26268,0x00000000d5a80000)
  to   space 1024K, 0% used [0x00000000d5a80000,0x00000000d5a80000,0x00000000d5b80000)
 ParOldGen       total 527872K, used 514061K [0x0000000080000000, 0x00000000a0380000, 0x00000000d5580000)
  object space 527872K, 97% used [0x0000000080000000,0x000000009f603780,0x00000000a0380000)
 Metaspace       used 66354K, committed 67840K, reserved 1114112K
  class space    used 7368K, committed 8064K, reserved 1048576K
}
Event: 61.295 GC heap after
{Heap after GC invocations=3526 (full 12):
 PSYoungGen      total 5120K, used 711K [0x00000000d5580000, 0x00000000d5b80000, 0x0000000100000000)
  eden space 4096K, 0% used [0x00000000d5580000,0x00000000d5580000,0x00000000d5980000)
  from space 1024K, 69% used [0x00000000d5a80000,0x00000000d5b31f00,0x00000000d5b80000)
  to   space 1024K, 0% used [0x00000000d5980000,0x00000000d5980000,0x00000000d5a80000)
 ParOldGen       total 527872K, used 514437K [0x0000000080000000, 0x00000000a0380000, 0x00000000d5580000)
  object space 527872K, 97% used [0x0000000080000000,0x000000009f661780,0x00000000a0380000)
 Metaspace       used 66354K, committed 67840K, reserved 1114112K
  class space    used 7368K, committed 8064K, reserved 1048576K
}
Event: 61.303 GC heap before
{Heap before GC invocations=3527 (full 12):
 PSYoungGen      total 5120K, used 4807K [0x00000000d5580000, 0x00000000d5b80000, 0x0000000100000000)
  eden space 4096K, 100% used [0x00000000d5580000,0x00000000d5980000,0x00000000d5980000)
  from space 1024K, 69% used [0x00000000d5a80000,0x00000000d5b31f00,0x00000000d5b80000)
  to   space 1024K, 0% used [0x00000000d5980000,0x00000000d5980000,0x00000000d5a80000)
 ParOldGen       total 527872K, used 514437K [0x0000000080000000, 0x00000000a0380000, 0x00000000d5580000)
  object space 527872K, 97% used [0x0000000080000000,0x000000009f661780,0x00000000a0380000)
 Metaspace       used 66354K, committed 67840K, reserved 1114112K
  class space    used 7368K, committed 8064K, reserved 1048576K
}
Event: 61.304 GC heap after
{Heap after GC invocations=3527 (full 12):
 PSYoungGen      total 5120K, used 576K [0x00000000d5580000, 0x00000000d5b80000, 0x0000000100000000)
  eden space 4096K, 0% used [0x00000000d5580000,0x00000000d5580000,0x00000000d5980000)
  from space 1024K, 56% used [0x00000000d5980000,0x00000000d5a10000,0x00000000d5a80000)
  to   space 1024K, 0% used [0x00000000d5a80000,0x00000000d5a80000,0x00000000d5b80000)
 ParOldGen       total 527872K, used 514845K [0x0000000080000000, 0x00000000a0380000, 0x00000000d5580000)
  object space 527872K, 97% used [0x0000000080000000,0x000000009f6c7780,0x00000000a0380000)
 Metaspace       used 66354K, committed 67840K, reserved 1114112K
  class space    used 7368K, committed 8064K, reserved 1048576K
}
Event: 61.311 GC heap before
{Heap before GC invocations=3528 (full 12):
 PSYoungGen      total 5120K, used 4672K [0x00000000d5580000, 0x00000000d5b80000, 0x0000000100000000)
  eden space 4096K, 100% used [0x00000000d5580000,0x00000000d5980000,0x00000000d5980000)
  from space 1024K, 56% used [0x00000000d5980000,0x00000000d5a10000,0x00000000d5a80000)
  to   space 1024K, 0% used [0x00000000d5a80000,0x00000000d5a80000,0x00000000d5b80000)
 ParOldGen       total 527872K, used 514845K [0x0000000080000000, 0x00000000a0380000, 0x00000000d5580000)
  object space 527872K, 97% used [0x0000000080000000,0x000000009f6c7780,0x00000000a0380000)
 Metaspace       used 66354K, committed 67840K, reserved 1114112K
  class space    used 7368K, committed 8064K, reserved 1048576K
}
Event: 61.313 GC heap after
{Heap after GC invocations=3528 (full 12):
 PSYoungGen      total 5120K, used 544K [0x00000000d5580000, 0x00000000d5b80000, 0x0000000100000000)
  eden space 4096K, 0% used [0x00000000d5580000,0x00000000d5580000,0x00000000d5980000)
  from space 1024K, 53% used [0x00000000d5a80000,0x00000000d5b08000,0x00000000d5b80000)
  to   space 1024K, 0% used [0x00000000d5980000,0x00000000d5980000,0x00000000d5a80000)
 ParOldGen       total 527872K, used 515341K [0x0000000080000000, 0x00000000a0380000, 0x00000000d5580000)
  object space 527872K, 97% used [0x0000000080000000,0x000000009f743598,0x00000000a0380000)
 Metaspace       used 66354K, committed 67840K, reserved 1114112K
  class space    used 7368K, committed 8064K, reserved 1048576K
}
Event: 61.320 GC heap before
{Heap before GC invocations=3529 (full 12):
 PSYoungGen      total 5120K, used 4640K [0x00000000d5580000, 0x00000000d5b80000, 0x0000000100000000)
  eden space 4096K, 100% used [0x00000000d5580000,0x00000000d5980000,0x00000000d5980000)
  from space 1024K, 53% used [0x00000000d5a80000,0x00000000d5b08000,0x00000000d5b80000)
  to   space 1024K, 0% used [0x00000000d5980000,0x00000000d5980000,0x00000000d5a80000)
 ParOldGen       total 527872K, used 515341K [0x0000000080000000, 0x00000000a0380000, 0x00000000d5580000)
  object space 527872K, 97% used [0x0000000080000000,0x000000009f743598,0x00000000a0380000)
 Metaspace       used 66354K, committed 67840K, reserved 1114112K
  class space    used 7368K, committed 8064K, reserved 1048576K
}
Event: 61.321 GC heap after
{Heap after GC invocations=3529 (full 12):
 PSYoungGen      total 5120K, used 608K [0x00000000d5580000, 0x00000000d5b80000, 0x0000000100000000)
  eden space 4096K, 0% used [0x00000000d5580000,0x00000000d5580000,0x00000000d5980000)
  from space 1024K, 59% used [0x00000000d5980000,0x00000000d5a18000,0x00000000d5a80000)
  to   space 1024K, 0% used [0x00000000d5a80000,0x00000000d5a80000,0x00000000d5b80000)
 ParOldGen       total 527872K, used 515797K [0x0000000080000000, 0x00000000a0380000, 0x00000000d5580000)
  object space 527872K, 97% used [0x0000000080000000,0x000000009f7b5598,0x00000000a0380000)
 Metaspace       used 66354K, committed 67840K, reserved 1114112K
  class space    used 7368K, committed 8064K, reserved 1048576K
}
Event: 61.335 GC heap before
{Heap before GC invocations=3530 (full 12):
 PSYoungGen      total 5120K, used 4704K [0x00000000d5580000, 0x00000000d5b80000, 0x0000000100000000)
  eden space 4096K, 100% used [0x00000000d5580000,0x00000000d5980000,0x00000000d5980000)
  from space 1024K, 59% used [0x00000000d5980000,0x00000000d5a18000,0x00000000d5a80000)
  to   space 1024K, 0% used [0x00000000d5a80000,0x00000000d5a80000,0x00000000d5b80000)
 ParOldGen       total 527872K, used 515797K [0x0000000080000000, 0x00000000a0380000, 0x00000000d5580000)
  object space 527872K, 97% used [0x0000000080000000,0x000000009f7b5598,0x00000000a0380000)
 Metaspace       used 66355K, committed 67840K, reserved 1114112K
  class space    used 7368K, committed 8064K, reserved 1048576K
}
Event: 61.336 GC heap after
{Heap after GC invocations=3530 (full 12):
 PSYoungGen      total 5120K, used 544K [0x00000000d5580000, 0x00000000d5b80000, 0x0000000100000000)
  eden space 4096K, 0% used [0x00000000d5580000,0x00000000d5580000,0x00000000d5980000)
  from space 1024K, 53% used [0x00000000d5a80000,0x00000000d5b08000,0x00000000d5b80000)
  to   space 1024K, 0% used [0x00000000d5980000,0x00000000d5980000,0x00000000d5a80000)
 ParOldGen       total 527872K, used 516245K [0x0000000080000000, 0x00000000a0380000, 0x00000000d5580000)
  object space 527872K, 97% used [0x0000000080000000,0x000000009f825598,0x00000000a0380000)
 Metaspace       used 66355K, committed 67840K, reserved 1114112K
  class space    used 7368K, committed 8064K, reserved 1048576K
}

